wsx base_path /home/wsx/step/classifier_stgcn_real_only
wsx data_patch /home/wsx/step/classifier_stgcn_real_only/../data
wsx model_path /home/wsx/step/classifier_stgcn_real_only/model_classifier_stgcn/features
wsx file_feature /home/wsx/step/classifier_stgcn_real_only/../data/features.h5
wsx data.shape (342, 75, 48)
wsx labels.shape (342,)
wsx data_train.shape (307, 75, 48)
wsx labels_train.shape (307,)
wsx data_test.shape (35, 75, 48)
wsx data_test.shape (35, 75, 48)
wsx data 
 [[[ 0.00000000e+00 -1.73472348e-18  6.93889390e-18 ...  7.81257100e-02
   -6.67029000e-01  2.10213300e-02]
  [ 0.00000000e+00 -1.73472348e-18  6.93889390e-18 ...  7.52761700e-02
   -6.59865900e-01  6.16336900e-02]
  [ 0.00000000e+00 -1.73472348e-18  6.93889390e-18 ...  7.19451000e-02
   -6.59158900e-01  8.57510300e-02]
  ...
  [ 0.00000000e+00 -1.73472348e-18  6.93889390e-18 ...  4.98188400e-02
   -5.56889600e-01  3.77408700e-01]
  [ 0.00000000e+00 -1.73472348e-18  6.93889390e-18 ...  5.08315400e-02
   -5.57687000e-01  3.43767700e-01]
  [ 0.00000000e+00 -1.73472348e-18  6.93889390e-18 ...  5.26231900e-02
   -5.82222800e-01  2.80547500e-01]]

 [[ 6.69026944e-04 -6.19877379e-04  9.99853725e-03 ...  5.56843712e-02
   -6.55009430e-01  2.90362983e-02]
  [ 6.69026944e-04 -6.19877379e-04  9.99853725e-03 ...  5.54323070e-02
   -6.38490482e-01  5.54247991e-02]
  [ 6.69026944e-04 -6.19877379e-04  9.99853725e-03 ...  5.36164024e-02
   -6.34299020e-01  7.92189472e-02]
  ...
  [ 6.69026944e-04 -6.19877379e-04  9.99853725e-03 ...  6.63945904e-02
   -6.45706800e-01  2.37129590e-01]
  [ 6.69026944e-04 -6.19877379e-04  9.99853725e-03 ...  7.07586420e-02
   -6.32772050e-01  2.54778515e-01]
  [ 6.69026944e-04 -6.19877379e-04  9.99853725e-03 ...  7.34251320e-02
   -6.35772906e-01  2.79505529e-01]]

 [[-4.40858023e-04  2.90714760e-04  2.69912448e-03 ...  7.17000113e-02
   -6.63915254e-01  2.11458150e-02]
  [-4.40858023e-04  2.90714760e-04  2.69912448e-03 ...  6.77987849e-02
   -6.58863598e-01  4.42495951e-02]
  [-4.40858023e-04  2.90714760e-04  2.69912448e-03 ...  6.72211679e-02
   -6.60225159e-01  6.09550586e-02]
  ...
  [-4.40858023e-04  2.90714760e-04  2.69912448e-03 ...  7.50057732e-02
   -5.58313963e-01  3.32419970e-01]
  [-4.40858023e-04  2.90714760e-04  2.69912448e-03 ...  7.15503280e-02
   -5.75755153e-01  3.08308623e-01]
  [-4.40858023e-04  2.90714760e-04  2.69912448e-03 ...  6.60127935e-02
   -5.93483714e-01  2.66826264e-01]]

 ...

 [[-4.06849875e-03  9.86184762e-02  2.01519942e-02 ...  6.65138940e-02
   -5.98355781e-01 -7.04581893e-02]
  [-4.06849875e-03  9.86184762e-02  2.01519942e-02 ...  6.39435339e-02
   -5.99147549e-01 -6.05726282e-02]
  [-4.06849875e-03  9.86184762e-02  2.01519942e-02 ...  6.20947509e-02
   -5.99590483e-01 -4.85415736e-02]
  ...
  [-4.06849875e-03  9.86184762e-02  2.01519942e-02 ...  1.52091691e-02
   -5.37609744e-01  2.29358324e-01]
  [-4.06849875e-03  9.86184762e-02  2.01519942e-02 ...  1.60100876e-02
   -5.30202487e-01  2.45510149e-01]
  [-4.06849875e-03  9.86184762e-02  2.01519942e-02 ...  1.75068415e-02
   -5.22422788e-01  2.61727412e-01]]

 [[-3.27832116e-03  9.75083937e-02 -1.40627048e-02 ...  9.08194969e-02
   -6.04641825e-01 -9.57837403e-02]
  [-3.27832116e-03  9.75083937e-02 -1.40627048e-02 ...  8.60795407e-02
   -6.05456323e-01 -8.46263982e-02]
  [-3.27832116e-03  9.75083937e-02 -1.40627048e-02 ...  8.23775313e-02
   -6.06135903e-01 -7.17280877e-02]
  ...
  [-3.27832116e-03  9.75083937e-02 -1.40627048e-02 ...  1.09398900e-02
   -5.67386229e-01  1.42694166e-01]
  [-3.27832116e-03  9.75083937e-02 -1.40627048e-02 ...  9.26325179e-03
   -5.62823355e-01  1.53237822e-01]
  [-3.27832116e-03  9.75083937e-02 -1.40627048e-02 ...  7.76905926e-03
   -5.57461088e-01  1.64505141e-01]]

 [[-1.09262697e-03  1.04968257e-01  1.40960264e-02 ...  7.31447067e-02
   -6.04231145e-01 -6.33406688e-02]
  [-1.09262697e-03  1.04968257e-01  1.40960264e-02 ...  6.91645470e-02
   -6.04927991e-01 -5.51940858e-02]
  [-1.09262697e-03  1.04968257e-01  1.40960264e-02 ...  6.60076857e-02
   -6.05093203e-01 -4.64022648e-02]
  ...
  [-1.09262697e-03  1.04968257e-01  1.40960264e-02 ...  8.59483413e-03
   -5.67152196e-01  1.65236346e-01]
  [-1.09262697e-03  1.04968257e-01  1.40960264e-02 ...  8.51803561e-03
   -5.62942826e-01  1.76243737e-01]
  [-1.09262697e-03  1.04968257e-01  1.40960264e-02 ...  8.84672000e-03
   -5.58183905e-01  1.88147518e-01]]] 

wsx labels 
 [1. 3. 1. 3. 1. 3. 3. 3. 1. 0. 3. 2. 1. 3. 3. 2. 0. 0. 3. 0. 1. 3. 3. 2.
 0. 3. 3. 3. 1. 1. 3. 2. 3. 0. 3. 2. 3. 2. 2. 2. 3. 3. 3. 2. 0. 0. 3. 2.
 1. 1. 3. 2. 1. 0. 3. 3. 3. 3. 3. 3. 3. 3. 3. 3. 1. 0. 3. 2. 3. 0. 0. 2.
 3. 0. 3. 3. 1. 0. 3. 3. 1. 3. 3. 2. 3. 3. 3. 3. 0. 0. 2. 3. 2. 2. 0. 2.
 3. 1. 3. 2. 3. 2. 2. 3. 0. 3. 2. 3. 0. 0. 3. 3. 0. 1. 1. 0. 3. 0. 2. 2.
 0. 3. 1. 0. 0. 0. 0. 0. 3. 3. 0. 2. 0. 0. 0. 0. 0. 3. 2. 2. 0. 2. 2. 0.
 0. 0. 0. 0. 0. 0. 0. 1. 3. 0. 2. 2. 2. 0. 1. 2. 2. 0. 0. 0. 0. 3. 1. 2.
 0. 3. 3. 2. 0. 0. 0. 0. 0. 0. 3. 3. 3. 3. 3. 0. 3. 0. 0. 0. 3. 3. 0. 2.
 0. 0. 2. 0. 1. 1. 0. 2. 0. 2. 3. 0. 3. 0. 0. 0. 1. 2. 2. 0. 2. 2. 1. 0.
 0. 0. 2. 1. 3. 0. 0. 0. 0. 3. 3. 0. 3. 3. 3. 2. 3. 2. 0. 0. 3. 3. 1. 1.
 1. 2. 1. 3. 2. 2. 0. 0. 0. 2. 3. 3. 3. 2. 0. 3. 1. 2. 1. 3. 2. 2. 3. 0.
 3. 2. 3. 2. 2. 2. 3. 3. 2. 3. 3. 0. 3. 3. 0. 0. 0. 2. 3. 0. 3. 3. 0. 2.
 3. 2. 2. 3. 3. 2. 0. 0. 3. 2. 1. 0. 3. 2. 0. 0. 3. 3. 0. 0. 3. 2. 0. 0.
 3. 3. 0. 3. 3. 2. 3. 0. 0. 2. 0. 0. 3. 3. 0. 0. 3. 2. 0. 0. 0. 2. 3. 3.
 2. 2. 2. 2. 2. 2.] 

Train set size: 307
Test set size: 35
Number of classes: 4
0.	Angry
1.	Sad
2.	Sad
3.	Sad
4.	Sad
5.	Sad
6.	Sad
7.	Sad
8.	Happy
9.	Sad
10.	Sad
11.	Happy
12.	Sad
13.	Sad
14.	Sad
15.	Happy
16.	Sad
17.	Sad
18.	Sad
19.	Angry
20.	Happy
21.	Sad
22.	Happy
23.	Happy
24.	Sad
25.	Sad
26.	Sad
27.	Sad
28.	Sad
29.	Sad
30.	Sad
31.	Happy
32.	Sad
33.	Sad
34.	Happy
35.	Happy
36.	Sad
37.	Happy
38.	Sad
39.	Happy
40.	Sad
41.	Sad
42.	Sad
43.	Happy
44.	Angry
45.	Sad
46.	Sad
47.	Sad
48.	Sad
49.	Sad
50.	Sad
51.	Sad
52.	Angry
53.	Angry
54.	Sad
55.	Sad
56.	Sad
57.	Sad
58.	Sad
59.	Happy
60.	Sad
61.	Sad
62.	Sad
63.	Sad
64.	Angry
65.	Angry
66.	Angry
67.	Happy
68.	Sad
69.	Sad
70.	Angry
71.	Happy
72.	Sad
73.	Angry
74.	Angry
75.	Sad
76.	Sad
77.	Angry
78.	Sad
79.	Sad
80.	Happy
81.	Sad
82.	Happy
83.	Happy
84.	Angry
85.	Sad
86.	Sad
87.	Angry
88.	Angry
89.	Sad
90.	Sad
91.	Sad
92.	Happy
93.	Happy
94.	Angry
95.	Happy
96.	Sad
97.	Angry
98.	Sad
99.	Happy
100.	Sad
101.	Sad
102.	Happy
103.	Sad
104.	Angry
105.	Sad
106.	Happy
107.	Sad
108.	Angry
109.	Sad
110.	Sad
111.	Sad
112.	Sad
113.	Angry
114.	Angry
115.	Angry
116.	Sad
117.	Angry
118.	Angry
119.	Happy
120.	Angry
121.	Sad
122.	Angry
123.	Angry
124.	Angry
125.	Angry
126.	Angry
127.	Angry
128.	Angry
129.	Angry
130.	Angry
131.	Sad
132.	Angry
133.	Angry
134.	Angry
135.	Angry
136.	Angry
137.	Sad
138.	Happy
139.	Happy
140.	Angry
141.	Angry
142.	Angry
143.	Angry
144.	Angry
145.	Angry
146.	Angry
147.	Angry
148.	Angry
149.	Angry
150.	Angry
151.	Angry
152.	Sad
153.	Sad
154.	Happy
155.	Happy
156.	Sad
157.	Angry
158.	Angry
159.	Angry
160.	Angry
161.	Angry
162.	Angry
163.	Angry
164.	Angry
165.	Angry
166.	Angry
167.	Sad
168.	Angry
169.	Sad
170.	Sad
171.	Angry
172.	Angry
173.	Angry
174.	Angry
175.	Angry
176.	Angry
177.	Angry
178.	Sad
179.	Sad
180.	Sad
181.	Sad
182.	Sad
183.	Angry
184.	Sad
185.	Angry
186.	Angry
187.	Angry
188.	Sad
189.	Sad
190.	Angry
191.	Sad
192.	Angry
193.	Angry
194.	Happy
195.	Sad
196.	Angry
197.	Sad
198.	Sad
199.	Happy
200.	Happy
201.	Happy
202.	Sad
203.	Happy
204.	Sad
205.	Angry
206.	Angry
207.	Angry
208.	Sad
209.	Sad
210.	Sad
211.	Angry
212.	Happy
213.	Happy
214.	Sad
215.	Angry
216.	Sad
217.	Angry
218.	Happy
219.	Happy
220.	Sad
221.	Angry
222.	Angry
223.	Angry
224.	Angry
225.	Sad
226.	Sad
227.	Sad
228.	Happy
229.	Happy
230.	Sad
231.	Happy
232.	Happy
233.	Happy
234.	Angry
235.	Angry
236.	Sad
237.	Happy
238.	Sad
239.	Sad
240.	Sad
241.	Happy
242.	Angry
243.	Angry
244.	Sad
245.	Happy
246.	Angry
247.	Angry
248.	Angry
249.	Happy
250.	Sad
251.	Sad
252.	Sad
253.	Happy
254.	Angry
255.	Sad
256.	Sad
257.	Happy
258.	Sad
259.	Happy
260.	Happy
261.	Happy
262.	Sad
263.	Sad
264.	Happy
265.	Happy
266.	Angry
267.	Sad
268.	Happy
269.	Happy
270.	Sad
271.	Sad
272.	Sad
273.	Happy
274.	Sad
275.	Sad
276.	Sad
277.	Sad
278.	Angry
279.	Angry
280.	Angry
281.	Happy
282.	Sad
283.	Angry
284.	Sad
285.	Happy
286.	Angry
287.	Happy
288.	Sad
289.	Happy
290.	Sad
291.	Sad
292.	Sad
293.	Happy
294.	Angry
295.	Sad
296.	Sad
297.	Happy
298.	Sad
299.	Angry
300.	Sad
301.	Happy
302.	Angry
303.	Angry
304.	Sad
305.	Sad
306.	Angry
307.	Angry
308.	Sad
309.	Happy
310.	Angry
311.	Angry
312.	Sad
313.	Sad
314.	Angry
315.	Sad
316.	Sad
317.	Happy
318.	Sad
319.	Angry
320.	Angry
321.	Happy
322.	Sad
323.	Angry
324.	Sad
325.	Sad
326.	Angry
327.	Angry
328.	Sad
329.	Happy
330.	Angry
331.	Angry
332.	Sad
333.	Happy
334.	Sad
335.	Sad
336.	Happy
337.	Happy
338.	Happy
339.	Happy
340.	Happy
341.	Happy
Done
