wsx base_path /home/wsx/step/classifier_stgcn_real_only
wsx data_patch /home/wsx/step/classifier_stgcn_real_only/
wsx model_path /home/wsx/step/classifier_stgcn_real_only/model_classifier_stgcn/features4DCVAEGCN
wsx file_feature /home/wsx/step/classifier_stgcn_real_only/features4DCVAEGCN.h5
wsx data.shape (60, 18, 48)
wsx labels.shape (60,)
wsx data_train.shape (54, 18, 48)
wsx labels_train.shape (54,)
wsx data_test.shape (6, 18, 48)
wsx data_test.shape (6, 18, 48)
wsx data 
 [[[-1.90819582e-16 -1.11022302e-16 -9.84455573e-17 ... -6.44779576e-03
   -1.94813358e-01  8.02498038e-03]
  [-1.90819582e-16 -1.11022302e-16 -9.84455573e-17 ... -7.55130403e-03
   -1.97325072e-01  1.02082196e-02]
  [-1.90819582e-16 -1.11022302e-16 -9.84455573e-17 ... -8.48663449e-03
   -1.98069516e-01  1.21511476e-02]
  ...
  [-1.90819582e-16 -1.11022302e-16 -9.84455573e-17 ... -7.19811727e-03
   -2.07932163e-01  1.39727844e-02]
  [-1.90819582e-16 -1.11022302e-16 -9.84455573e-17 ... -6.19679806e-03
   -2.10957360e-01  1.25525569e-02]
  [-1.90819582e-16 -1.11022302e-16 -9.84455573e-17 ... -5.12000588e-03
   -2.11733997e-01  1.03828093e-02]]

 [[ 4.38764093e-06  2.64681671e-04 -5.44891479e-06 ... -6.44184177e-03
   -1.94462754e-01  8.01748327e-03]
  [ 4.38764093e-06  2.64681671e-04 -5.44891479e-06 ... -7.54519565e-03
   -1.96980044e-01  1.02001424e-02]
  [ 4.38764093e-06  2.64681671e-04 -5.44891479e-06 ... -8.48051532e-03
   -1.97725733e-01  1.21426583e-02]
  ...
  [ 4.38764093e-06  2.64681671e-04 -5.44891479e-06 ... -7.19249899e-03
   -2.07586670e-01  1.39638946e-02]
  [ 4.38764093e-06  2.64681671e-04 -5.44891479e-06 ... -6.19108662e-03
   -2.10608570e-01  1.25438929e-02]
  [ 4.38764093e-06  2.64681671e-04 -5.44891479e-06 ... -5.11457513e-03
   -2.11386318e-01  1.03749947e-02]]

 [[-6.85261549e-05 -1.66669586e-03  8.50024643e-05 ... -6.37674730e-03
   -1.94483815e-01  7.93693792e-03]
  [-6.85261549e-05 -1.66669586e-03  8.50024643e-05 ... -7.46179776e-03
   -1.96953727e-01  1.00865387e-02]
  [-6.85261549e-05 -1.66669586e-03  8.50024643e-05 ... -8.38172571e-03
   -1.97679313e-01  1.19998464e-02]
  ...
  [-6.85261549e-05 -1.66669586e-03  8.50024643e-05 ... -7.11053637e-03
   -2.07396734e-01  1.37904464e-02]
  [-6.85261549e-05 -1.66669586e-03  8.50024643e-05 ... -6.12455558e-03
   -2.10376648e-01  1.23906075e-02]
  [-6.85261549e-05 -1.66669586e-03  8.50024643e-05 ... -5.06507867e-03
   -2.11136633e-01  1.02536228e-02]]

 ...

 [[-2.59884444e-05 -6.26405663e-04  3.20706805e-05 ... -6.42036253e-03
   -1.94658761e-01  7.99113784e-03]
  [-2.59884444e-05 -6.26405663e-04  3.20706805e-05 ... -7.51671055e-03
   -1.97149530e-01  1.01614122e-02]
  [-2.59884444e-05 -6.26405663e-04  3.20706805e-05 ... -8.44591063e-03
   -1.97878078e-01  1.20929103e-02]
  ...
  [-2.59884444e-05 -6.26405663e-04  3.20706805e-05 ... -7.16419651e-03
   -2.07690246e-01  1.39023345e-02]
  [-2.59884444e-05 -6.26405663e-04  3.20706805e-05 ... -6.16886198e-03
   -2.10703422e-01  1.24900408e-02]
  [-2.59884444e-05 -6.26405663e-04  3.20706805e-05 ... -5.09880529e-03
   -2.11473049e-01  1.03330970e-02]]

 [[-1.75437517e-05 -4.20396922e-04  2.16047598e-05 ... -6.42998059e-03
   -1.94725406e-01  8.00293822e-03]
  [-1.75437517e-05 -4.20396922e-04  2.16047598e-05 ... -7.52883034e-03
   -1.97223438e-01  1.01774884e-02]
  [-1.75437517e-05 -4.20396922e-04  2.16047598e-05 ... -8.46004752e-03
   -1.97956267e-01  1.21128790e-02]
  ...
  [-1.75437517e-05 -4.20396922e-04  2.16047598e-05 ... -7.17614525e-03
   -2.07789100e-01  1.39268090e-02]
  [-1.75437517e-05 -4.20396922e-04  2.16047598e-05 ... -6.17875865e-03
   -2.10806646e-01  1.25116731e-02]
  [-1.75437517e-05 -4.20396922e-04  2.16047598e-05 ... -5.10634058e-03
   -2.11576724e-01  1.03504645e-02]]

 [[-6.43262261e-06 -1.50031087e-04  7.67897442e-06 ... -6.44117797e-03
   -1.94772483e-01  8.01698914e-03]
  [-6.43262261e-06 -1.50031087e-04  7.67897442e-06 ... -7.54265792e-03
   -1.97271478e-01  1.01970486e-02]
  [-6.43262261e-06 -1.50031087e-04  7.67897442e-06 ... -8.47631535e-03
   -1.97999308e-01  1.21371173e-02]
  ...
  [-6.43262261e-06 -1.50031087e-04  7.67897442e-06 ... -7.18962653e-03
   -2.07855712e-01  1.39556070e-02]
  [-6.43262261e-06 -1.50031087e-04  7.67897442e-06 ... -6.18985199e-03
   -2.10886488e-01  1.25373322e-02]
  [-6.43262261e-06 -1.50031087e-04  7.67897442e-06 ... -5.11499750e-03
   -2.11661662e-01  1.03707973e-02]]] 

wsx labels 
 [1. 0. 4. 3. 2. 5. 1. 0. 4. 3. 2. 5. 1. 0. 4. 3. 2. 5. 1. 0. 4. 3. 2. 5.
 1. 0. 4. 3. 2. 5. 1. 0. 4. 3. 2. 5. 1. 0. 4. 3. 2. 5. 1. 0. 4. 3. 2. 5.
 1. 0. 4. 3. 2. 5. 1. 0. 4. 3. 2. 5.] 

Train set size: 54
Test set size: 6
Number of classes: 6
0.	Sad
1.	Sad
2.	Happy
3.	Sad
4.	Neutral
5.	Sad
6.	Neutral
7.	Sad
8.	Happy
9.	Sad
10.	Neutral
11.	Happy
12.	Sad
13.	Sad
14.	Sad
15.	Neutral
16.	Happy
17.	Happy
18.	Happy
19.	Sad
20.	Sad
21.	Sad
22.	Happy
23.	Happy
24.	Happy
25.	Happy
26.	Sad
27.	Sad
28.	Happy
29.	Happy
30.	Neutral
31.	Happy
32.	Happy
33.	Sad
34.	Happy
35.	Sad
36.	Happy
37.	Sad
38.	Sad
39.	Sad
40.	Happy
41.	Sad
42.	Happy
43.	Neutral
44.	Sad
45.	Neutral
46.	Happy
47.	Neutral
48.	Happy
49.	Happy
50.	Sad
51.	Neutral
52.	Happy
53.	Sad
54.	Happy
55.	Happy
56.	Sad
57.	Neutral
58.	Neutral
59.	Sad
Done
