wsx base_path /home/wsx/step/classifier_stgcn_real_only
wsx data_patch /home/wsx/step/classifier_stgcn_real_only/../data
wsx model_path /home/wsx/step/classifier_stgcn_real_only/model_classifier_stgcn/features_ELMD
wsx file_feature /home/wsx/step/classifier_stgcn_real_only/../data/features_ELMD.h5
wsx data.shape (1835, 240, 48)
wsx labels.shape (1835,)
wsx data_train.shape (1651, 240, 48)
wsx labels_train.shape (1651,)
wsx data_test.shape (184, 240, 48)
wsx data_test.shape (184, 240, 48)
wsx data 
 [[[ 1.73472348e-18  6.93889390e-18  3.46944695e-18 ...  8.74310686e-02
   -6.69173159e-01 -6.64537982e-02]
  [ 1.73472348e-18  6.93889390e-18  3.46944695e-18 ...  8.74531501e-02
   -6.68833379e-01 -6.66215411e-02]
  [ 1.73472348e-18  6.93889390e-18  3.46944695e-18 ...  8.74058515e-02
   -6.68477709e-01 -6.68357413e-02]
  ...
  [ 1.73472348e-18  6.93889390e-18  3.46944695e-18 ...  1.27182381e-01
   -4.87817138e-01 -3.84609004e-01]
  [ 1.73472348e-18  6.93889390e-18  3.46944695e-18 ...  1.27427344e-01
   -4.77254816e-01 -3.75047895e-01]
  [ 1.73472348e-18  6.93889390e-18  3.46944695e-18 ...  1.26097715e-01
   -4.58318109e-01 -3.68554142e-01]]

 [[ 9.44680038e-03  2.31787305e-02 -1.50732581e-01 ...  7.35208274e-02
   -5.22801886e-01  1.14882143e-01]
  [ 9.44680038e-03  2.31787305e-02 -1.50732581e-01 ...  7.46277489e-02
   -5.23730039e-01  1.05841735e-01]
  [ 9.44680038e-03  2.31787305e-02 -1.50732581e-01 ...  7.29818595e-02
   -5.25925312e-01  9.38539314e-02]
  ...
  [ 9.44680038e-03  2.31787305e-02 -1.50732581e-01 ...  8.62324080e-02
   -6.14881489e-01  1.00470362e-01]
  [ 9.44680038e-03  2.31787305e-02 -1.50732581e-01 ...  6.74578677e-02
   -6.15119687e-01  8.25222117e-02]
  [ 9.44680038e-03  2.31787305e-02 -1.50732581e-01 ...  5.47970022e-02
   -6.08663809e-01  6.65262650e-02]]

 [[ 4.87896961e-03  1.26569223e-02 -1.03588969e-01 ... -3.00624199e-02
   -5.64814732e-01 -3.36069793e-01]
  [ 4.87896961e-03  1.26569223e-02 -1.03588969e-01 ... -2.51162086e-02
   -5.42924616e-01 -3.17251674e-01]
  [ 4.87896961e-03  1.26569223e-02 -1.03588969e-01 ... -2.06712598e-02
   -5.22608122e-01 -2.91993275e-01]
  ...
  [ 4.87896961e-03  1.26569223e-02 -1.03588969e-01 ...  2.08497728e-01
   -3.74890644e-01  3.24966245e-01]
  [ 4.87896961e-03  1.26569223e-02 -1.03588969e-01 ...  2.06810937e-01
   -3.74380409e-01  3.24805337e-01]
  [ 4.87896961e-03  1.26569223e-02 -1.03588969e-01 ...  2.06999495e-01
   -3.74317049e-01  3.25712302e-01]]

 ...

 [[ 6.85277776e-03  4.79643617e-02 -1.16649040e-01 ...  1.37795267e-01
   -6.42424882e-01  5.99959253e-02]
  [ 6.85277776e-03  4.79643617e-02 -1.16649040e-01 ...  1.44246559e-01
   -6.44231759e-01  5.55375814e-02]
  [ 6.85277776e-03  4.79643617e-02 -1.16649040e-01 ...  1.50248269e-01
   -6.46345907e-01  4.98185830e-02]
  ...
  [ 6.85277776e-03  4.79643617e-02 -1.16649040e-01 ... -4.53791741e-02
   -6.57088424e-01 -8.86328282e-02]
  [ 6.85277776e-03  4.79643617e-02 -1.16649040e-01 ... -3.89674470e-02
   -6.58637831e-01 -8.48848951e-02]
  [ 6.85277776e-03  4.79643617e-02 -1.16649040e-01 ... -3.25913648e-02
   -6.59774118e-01 -8.10955990e-02]]

 [[ 1.54392817e-03  3.66086972e-02 -7.38463454e-02 ... -2.24660892e-02
   -5.78913589e-01 -2.42928773e-01]
  [ 1.54392817e-03  3.66086972e-02 -7.38463454e-02 ... -1.37697443e-02
   -5.70793724e-01 -2.35300046e-01]
  [ 1.54392817e-03  3.66086972e-02 -7.38463454e-02 ... -6.24194983e-03
   -5.61342073e-01 -2.25886426e-01]
  ...
  [ 1.54392817e-03  3.66086972e-02 -7.38463454e-02 ...  1.10347932e-01
   -6.21606102e-01 -1.13112263e-01]
  [ 1.54392817e-03  3.66086972e-02 -7.38463454e-02 ...  1.08081664e-01
   -6.23859445e-01 -1.18720172e-01]
  [ 1.54392817e-03  3.66086972e-02 -7.38463454e-02 ...  1.05187299e-01
   -6.27320815e-01 -1.22010498e-01]]

 [[-1.62413889e-02  4.68916618e-02 -6.42696092e-02 ...  7.93325820e-02
   -6.68880105e-01 -9.44933813e-02]
  [-1.62413889e-02  4.68916618e-02 -6.42696092e-02 ...  8.66054026e-02
   -6.68644771e-01 -9.01174639e-02]
  [-1.62413889e-02  4.68916618e-02 -6.42696092e-02 ...  9.39648042e-02
   -6.68303935e-01 -8.60469655e-02]
  ...
  [-1.62413889e-02  4.68916618e-02 -6.42696092e-02 ...  1.03241011e-01
   -6.45644179e-01  1.88531353e-01]
  [-1.62413889e-02  4.68916618e-02 -6.42696092e-02 ...  1.07474308e-01
   -6.46091292e-01  1.88115924e-01]
  [-1.62413889e-02  4.68916618e-02 -6.42696092e-02 ...  1.12494451e-01
   -6.47151418e-01  1.82120303e-01]]] 

wsx labels 
 [0. 0. 0. ... 1. 1. 1.] 

Train set size: 1651
Test set size: 184
Number of classes: 4
0.	Angry
1.	Angry
2.	Angry
3.	Angry
4.	Angry
5.	Angry
6.	Angry
7.	Angry
8.	Angry
9.	Angry
10.	Angry
11.	Angry
12.	Angry
13.	Angry
14.	Angry
15.	Angry
16.	Angry
17.	Angry
18.	Angry
19.	Angry
20.	Angry
21.	Angry
22.	Angry
23.	Angry
24.	Angry
25.	Angry
26.	Angry
27.	Angry
28.	Angry
29.	Angry
30.	Angry
31.	Angry
32.	Neutral
33.	Neutral
34.	Angry
35.	Angry
36.	Angry
37.	Angry
38.	Angry
39.	Angry
40.	Angry
41.	Angry
42.	Angry
43.	Angry
44.	Angry
45.	Angry
46.	Angry
47.	Angry
48.	Angry
49.	Angry
50.	Angry
51.	Angry
52.	Angry
53.	Angry
54.	Angry
55.	Angry
56.	Angry
57.	Angry
58.	Angry
59.	Angry
60.	Angry
61.	Angry
62.	Angry
63.	Angry
64.	Angry
65.	Angry
66.	Neutral
67.	Neutral
68.	Angry
69.	Happy
70.	Neutral
71.	Neutral
72.	Happy
73.	Happy
74.	Neutral
75.	Happy
76.	Happy
77.	Happy
78.	Happy
79.	Happy
80.	Happy
81.	Happy
82.	Happy
83.	Happy
84.	Happy
85.	Happy
86.	Happy
87.	Happy
88.	Happy
89.	Happy
90.	Happy
91.	Happy
92.	Happy
93.	Happy
94.	Happy
95.	Neutral
96.	Happy
97.	Happy
98.	Happy
99.	Happy
100.	Happy
101.	Happy
102.	Happy
103.	Happy
104.	Happy
105.	Happy
106.	Happy
107.	Happy
108.	Happy
109.	Happy
110.	Angry
111.	Happy
112.	Neutral
113.	Neutral
114.	Happy
115.	Happy
116.	Neutral
117.	Happy
118.	Happy
119.	Happy
120.	Happy
121.	Happy
122.	Happy
123.	Happy
124.	Happy
125.	Happy
126.	Happy
127.	Happy
128.	Happy
129.	Neutral
130.	Happy
131.	Neutral
132.	Happy
133.	Happy
134.	Neutral
135.	Neutral
136.	Happy
137.	Neutral
138.	Happy
139.	Happy
140.	Happy
141.	Happy
142.	Happy
143.	Happy
144.	Happy
145.	Happy
146.	Happy
147.	Happy
148.	Happy
149.	Happy
150.	Happy
151.	Happy
152.	Happy
153.	Happy
154.	Happy
155.	Neutral
156.	Happy
157.	Neutral
158.	Happy
159.	Happy
160.	Happy
161.	Happy
162.	Happy
163.	Happy
164.	Neutral
165.	Neutral
166.	Happy
167.	Neutral
168.	Happy
169.	Happy
170.	Happy
171.	Happy
172.	Neutral
173.	Happy
174.	Happy
175.	Happy
176.	Happy
177.	Neutral
178.	Happy
179.	Happy
180.	Happy
181.	Happy
182.	Happy
183.	Happy
184.	Happy
185.	Neutral
186.	Neutral
187.	Neutral
188.	Neutral
189.	Neutral
190.	Happy
191.	Happy
192.	Happy
193.	Happy
194.	Happy
195.	Happy
196.	Happy
197.	Happy
198.	Happy
199.	Happy
200.	Happy
201.	Happy
202.	Happy
203.	Happy
204.	Happy
205.	Happy
206.	Happy
207.	Happy
208.	Happy
209.	Happy
210.	Happy
211.	Happy
212.	Happy
213.	Happy
214.	Happy
215.	Happy
216.	Happy
217.	Happy
218.	Happy
219.	Happy
220.	Happy
221.	Neutral
222.	Angry
223.	Neutral
224.	Happy
225.	Happy
226.	Happy
227.	Happy
228.	Happy
229.	Happy
230.	Neutral
231.	Happy
232.	Happy
233.	Happy
234.	Happy
235.	Neutral
236.	Neutral
237.	Happy
238.	Neutral
239.	Neutral
240.	Neutral
241.	Neutral
242.	Happy
243.	Happy
244.	Happy
245.	Happy
246.	Happy
247.	Happy
248.	Neutral
249.	Happy
250.	Happy
251.	Neutral
252.	Neutral
253.	Neutral
254.	Neutral
255.	Happy
256.	Happy
257.	Neutral
258.	Neutral
259.	Neutral
260.	Happy
261.	Happy
262.	Happy
263.	Happy
264.	Happy
265.	Happy
266.	Happy
267.	Happy
268.	Happy
269.	Happy
270.	Happy
271.	Happy
272.	Happy
273.	Happy
274.	Happy
275.	Happy
276.	Happy
277.	Happy
278.	Happy
279.	Happy
280.	Happy
281.	Happy
282.	Happy
283.	Happy
284.	Happy
285.	Happy
286.	Happy
287.	Happy
288.	Happy
289.	Happy
290.	Happy
291.	Happy
292.	Neutral
293.	Angry
294.	Angry
295.	Angry
296.	Angry
297.	Angry
298.	Angry
299.	Angry
300.	Angry
301.	Angry
302.	Angry
303.	Angry
304.	Angry
305.	Angry
306.	Angry
307.	Angry
308.	Angry
309.	Angry
310.	Angry
311.	Angry
312.	Angry
313.	Angry
314.	Angry
315.	Angry
316.	Angry
317.	Angry
318.	Angry
319.	Angry
320.	Angry
321.	Angry
322.	Angry
323.	Angry
324.	Angry
325.	Angry
326.	Angry
327.	Angry
328.	Angry
329.	Angry
330.	Angry
331.	Angry
332.	Angry
333.	Angry
334.	Angry
335.	Angry
336.	Angry
337.	Angry
338.	Angry
339.	Angry
340.	Angry
341.	Angry
342.	Angry
343.	Angry
344.	Angry
345.	Angry
346.	Neutral
347.	Neutral
348.	Neutral
349.	Angry
350.	Angry
351.	Angry
352.	Angry
353.	Angry
354.	Angry
355.	Angry
356.	Angry
357.	Angry
358.	Angry
359.	Angry
360.	Angry
361.	Angry
362.	Angry
363.	Angry
364.	Angry
365.	Angry
366.	Angry
367.	Angry
368.	Angry
369.	Angry
370.	Angry
371.	Angry
372.	Angry
373.	Angry
374.	Angry
375.	Angry
376.	Angry
377.	Angry
378.	Angry
379.	Angry
380.	Angry
381.	Angry
382.	Angry
383.	Angry
384.	Angry
385.	Angry
386.	Angry
387.	Angry
388.	Angry
389.	Angry
390.	Angry
391.	Angry
392.	Angry
393.	Angry
394.	Angry
395.	Angry
396.	Angry
397.	Angry
398.	Angry
399.	Angry
400.	Angry
401.	Neutral
402.	Neutral
403.	Neutral
404.	Angry
405.	Angry
406.	Angry
407.	Angry
408.	Angry
409.	Angry
410.	Angry
411.	Angry
412.	Neutral
413.	Neutral
414.	Angry
415.	Angry
416.	Angry
417.	Angry
418.	Angry
419.	Angry
420.	Angry
421.	Angry
422.	Neutral
423.	Neutral
424.	Angry
425.	Angry
426.	Angry
427.	Angry
428.	Angry
429.	Angry
430.	Angry
431.	Angry
432.	Angry
433.	Angry
434.	Angry
435.	Angry
436.	Angry
437.	Angry
438.	Angry
439.	Angry
440.	Angry
441.	Angry
442.	Angry
443.	Angry
444.	Angry
445.	Angry
446.	Angry
447.	Angry
448.	Angry
449.	Angry
450.	Neutral
451.	Angry
452.	Angry
453.	Angry
454.	Angry
455.	Angry
456.	Angry
457.	Angry
458.	Angry
459.	Angry
460.	Angry
461.	Angry
462.	Angry
463.	Angry
464.	Angry
465.	Angry
466.	Angry
467.	Angry
468.	Angry
469.	Angry
470.	Angry
471.	Angry
472.	Angry
473.	Angry
474.	Angry
475.	Angry
476.	Angry
477.	Neutral
478.	Angry
479.	Angry
480.	Angry
481.	Angry
482.	Angry
483.	Angry
484.	Neutral
485.	Neutral
486.	Angry
487.	Angry
488.	Neutral
489.	Angry
490.	Angry
491.	Angry
492.	Neutral
493.	Angry
494.	Angry
495.	Neutral
496.	Neutral
497.	Angry
498.	Angry
499.	Angry
500.	Neutral
501.	Neutral
502.	Neutral
503.	Neutral
504.	Neutral
505.	Neutral
506.	Angry
507.	Angry
508.	Angry
509.	Neutral
510.	Neutral
511.	Happy
512.	Happy
513.	Happy
514.	Neutral
515.	Neutral
516.	Happy
517.	Neutral
518.	Angry
519.	Angry
520.	Angry
521.	Angry
522.	Angry
523.	Angry
524.	Angry
525.	Angry
526.	Angry
527.	Angry
528.	Angry
529.	Angry
530.	Angry
531.	Angry
532.	Neutral
533.	Angry
534.	Angry
535.	Angry
536.	Angry
537.	Angry
538.	Angry
539.	Angry
540.	Angry
541.	Angry
542.	Angry
543.	Angry
544.	Angry
545.	Angry
546.	Angry
547.	Neutral
548.	Neutral
549.	Angry
550.	Angry
551.	Angry
552.	Angry
553.	Angry
554.	Angry
555.	Neutral
556.	Angry
557.	Angry
558.	Neutral
559.	Neutral
560.	Angry
561.	Angry
562.	Angry
563.	Neutral
564.	Neutral
565.	Neutral
566.	Neutral
567.	Neutral
568.	Neutral
569.	Angry
570.	Angry
571.	Angry
572.	Neutral
573.	Neutral
574.	Happy
575.	Happy
576.	Neutral
577.	Neutral
578.	Neutral
579.	Neutral
580.	Neutral
581.	Angry
582.	Angry
583.	Angry
584.	Angry
585.	Angry
586.	Angry
587.	Angry
588.	Angry
589.	Angry
590.	Angry
591.	Angry
592.	Angry
593.	Angry
594.	Angry
595.	Neutral
596.	Angry
597.	Angry
598.	Angry
599.	Angry
600.	Angry
601.	Angry
602.	Angry
603.	Angry
604.	Angry
605.	Angry
606.	Angry
607.	Angry
608.	Angry
609.	Neutral
610.	Angry
611.	Angry
612.	Angry
613.	Angry
614.	Neutral
615.	Angry
616.	Angry
617.	Angry
618.	Angry
619.	Angry
620.	Angry
621.	Angry
622.	Angry
623.	Angry
624.	Angry
625.	Angry
626.	Angry
627.	Angry
628.	Angry
629.	Neutral
630.	Neutral
631.	Neutral
632.	Angry
633.	Angry
634.	Angry
635.	Angry
636.	Angry
637.	Angry
638.	Angry
639.	Angry
640.	Angry
641.	Angry
642.	Angry
643.	Neutral
644.	Angry
645.	Angry
646.	Angry
647.	Neutral
648.	Neutral
649.	Angry
650.	Angry
651.	Neutral
652.	Angry
653.	Angry
654.	Angry
655.	Neutral
656.	Neutral
657.	Neutral
658.	Neutral
659.	Angry
660.	Angry
661.	Angry
662.	Angry
663.	Angry
664.	Angry
665.	Neutral
666.	Angry
667.	Angry
668.	Angry
669.	Angry
670.	Angry
671.	Neutral
672.	Neutral
673.	Neutral
674.	Neutral
675.	Neutral
676.	Neutral
677.	Neutral
678.	Neutral
679.	Angry
680.	Angry
681.	Angry
682.	Angry
683.	Angry
684.	Neutral
685.	Angry
686.	Angry
687.	Angry
688.	Angry
689.	Neutral
690.	Angry
691.	Angry
692.	Angry
693.	Angry
694.	Angry
695.	Angry
696.	Angry
697.	Angry
698.	Angry
699.	Angry
700.	Angry
701.	Angry
702.	Angry
703.	Angry
704.	Neutral
705.	Neutral
706.	Angry
707.	Angry
708.	Angry
709.	Angry
710.	Angry
711.	Angry
712.	Angry
713.	Angry
714.	Angry
715.	Angry
716.	Angry
717.	Angry
718.	Neutral
719.	Angry
720.	Angry
721.	Angry
722.	Neutral
723.	Neutral
724.	Angry
725.	Angry
726.	Neutral
727.	Angry
728.	Angry
729.	Angry
730.	Neutral
731.	Neutral
732.	Neutral
733.	Neutral
734.	Angry
735.	Angry
736.	Angry
737.	Angry
738.	Angry
739.	Angry
740.	Neutral
741.	Angry
742.	Angry
743.	Angry
744.	Angry
745.	Angry
746.	Neutral
747.	Neutral
748.	Neutral
749.	Neutral
750.	Neutral
751.	Neutral
752.	Neutral
753.	Neutral
754.	Angry
755.	Angry
756.	Angry
757.	Angry
758.	Angry
759.	Angry
760.	Angry
761.	Angry
762.	Angry
763.	Angry
764.	Angry
765.	Angry
766.	Angry
767.	Angry
768.	Angry
769.	Angry
770.	Angry
771.	Angry
772.	Angry
773.	Angry
774.	Angry
775.	Angry
776.	Angry
777.	Angry
778.	Angry
779.	Angry
780.	Angry
781.	Angry
782.	Angry
783.	Angry
784.	Angry
785.	Angry
786.	Angry
787.	Angry
788.	Angry
789.	Angry
790.	Angry
791.	Angry
792.	Angry
793.	Angry
794.	Angry
795.	Angry
796.	Angry
797.	Angry
798.	Angry
799.	Angry
800.	Angry
801.	Angry
802.	Neutral
803.	Neutral
804.	Angry
805.	Angry
806.	Angry
807.	Angry
808.	Angry
809.	Angry
810.	Angry
811.	Angry
812.	Angry
813.	Angry
814.	Angry
815.	Angry
816.	Angry
817.	Angry
818.	Angry
819.	Angry
820.	Angry
821.	Angry
822.	Angry
823.	Angry
824.	Angry
825.	Angry
826.	Angry
827.	Angry
828.	Angry
829.	Angry
830.	Angry
831.	Angry
832.	Angry
833.	Angry
834.	Angry
835.	Angry
836.	Angry
837.	Angry
838.	Angry
839.	Angry
840.	Angry
841.	Angry
842.	Angry
843.	Angry
844.	Angry
845.	Angry
846.	Angry
847.	Angry
848.	Angry
849.	Angry
850.	Angry
851.	Angry
852.	Neutral
853.	Neutral
854.	Angry
855.	Happy
856.	Neutral
857.	Neutral
858.	Neutral
859.	Neutral
860.	Neutral
861.	Happy
862.	Neutral
863.	Happy
864.	Neutral
865.	Happy
866.	Happy
867.	Neutral
868.	Neutral
869.	Neutral
870.	Neutral
871.	Happy
872.	Neutral
873.	Neutral
874.	Happy
875.	Neutral
876.	Angry
877.	Neutral
878.	Neutral
879.	Neutral
880.	Neutral
881.	Neutral
882.	Neutral
883.	Neutral
884.	Neutral
885.	Neutral
886.	Neutral
887.	Neutral
888.	Neutral
889.	Neutral
890.	Neutral
891.	Happy
892.	Happy
893.	Neutral
894.	Happy
895.	Neutral
896.	Happy
897.	Happy
898.	Neutral
899.	Neutral
900.	Neutral
901.	Neutral
902.	Neutral
903.	Neutral
904.	Neutral
905.	Neutral
906.	Neutral
907.	Neutral
908.	Neutral
909.	Neutral
910.	Neutral
911.	Neutral
912.	Neutral
913.	Happy
914.	Neutral
915.	Happy
916.	Neutral
917.	Angry
918.	Neutral
919.	Neutral
920.	Neutral
921.	Neutral
922.	Neutral
923.	Neutral
924.	Happy
925.	Neutral
926.	Neutral
927.	Neutral
928.	Happy
929.	Neutral
930.	Neutral
931.	Neutral
932.	Neutral
933.	Neutral
934.	Happy
935.	Happy
936.	Neutral
937.	Happy
938.	Neutral
939.	Neutral
940.	Happy
941.	Neutral
942.	Happy
943.	Neutral
944.	Neutral
945.	Neutral
946.	Neutral
947.	Neutral
948.	Neutral
949.	Neutral
950.	Neutral
951.	Neutral
952.	Neutral
953.	Neutral
954.	Neutral
955.	Happy
956.	Neutral
957.	Happy
958.	Neutral
959.	Happy
960.	Neutral
961.	Neutral
962.	Neutral
963.	Neutral
964.	Neutral
965.	Neutral
966.	Neutral
967.	Neutral
968.	Neutral
969.	Neutral
970.	Neutral
971.	Neutral
972.	Neutral
973.	Neutral
974.	Neutral
975.	Neutral
976.	Neutral
977.	Neutral
978.	Happy
979.	Happy
980.	Neutral
981.	Happy
982.	Happy
983.	Happy
984.	Happy
985.	Happy
986.	Neutral
987.	Happy
988.	Happy
989.	Happy
990.	Neutral
991.	Happy
992.	Neutral
993.	Happy
994.	Happy
995.	Happy
996.	Neutral
997.	Happy
998.	Happy
999.	Happy
1000.	Neutral
1001.	Angry
1002.	Angry
1003.	Angry
1004.	Angry
1005.	Angry
1006.	Angry
1007.	Angry
1008.	Angry
1009.	Angry
1010.	Angry
1011.	Angry
1012.	Angry
1013.	Angry
1014.	Angry
1015.	Angry
1016.	Angry
1017.	Angry
1018.	Angry
1019.	Angry
1020.	Angry
1021.	Angry
1022.	Angry
1023.	Angry
1024.	Angry
1025.	Angry
1026.	Angry
1027.	Angry
1028.	Angry
1029.	Angry
1030.	Angry
1031.	Angry
1032.	Angry
1033.	Angry
1034.	Angry
1035.	Angry
1036.	Angry
1037.	Angry
1038.	Angry
1039.	Angry
1040.	Angry
1041.	Angry
1042.	Angry
1043.	Angry
1044.	Angry
1045.	Angry
1046.	Angry
1047.	Angry
1048.	Angry
1049.	Angry
1050.	Angry
1051.	Angry
1052.	Angry
1053.	Neutral
1054.	Neutral
1055.	Neutral
1056.	Happy
1057.	Happy
1058.	Happy
1059.	Happy
1060.	Happy
1061.	Neutral
1062.	Happy
1063.	Happy
1064.	Happy
1065.	Neutral
1066.	Neutral
1067.	Neutral
1068.	Happy
1069.	Happy
1070.	Happy
1071.	Angry
1072.	Happy
1073.	Happy
1074.	Happy
1075.	Happy
1076.	Angry
1077.	Angry
1078.	Angry
1079.	Angry
1080.	Angry
1081.	Angry
1082.	Angry
1083.	Angry
1084.	Angry
1085.	Angry
1086.	Angry
1087.	Angry
1088.	Angry
1089.	Angry
1090.	Angry
1091.	Angry
1092.	Angry
1093.	Angry
1094.	Angry
1095.	Angry
1096.	Angry
1097.	Angry
1098.	Angry
1099.	Angry
1100.	Angry
1101.	Angry
1102.	Angry
1103.	Angry
1104.	Angry
1105.	Angry
1106.	Angry
1107.	Angry
1108.	Angry
1109.	Angry
1110.	Angry
1111.	Angry
1112.	Angry
1113.	Angry
1114.	Angry
1115.	Angry
1116.	Angry
1117.	Angry
1118.	Angry
1119.	Angry
1120.	Angry
1121.	Angry
1122.	Angry
1123.	Angry
1124.	Angry
1125.	Angry
1126.	Angry
1127.	Angry
1128.	Neutral
1129.	Neutral
1130.	Angry
1131.	Angry
1132.	Angry
1133.	Angry
1134.	Neutral
1135.	Neutral
1136.	Neutral
1137.	Neutral
1138.	Angry
1139.	Angry
1140.	Angry
1141.	Angry
1142.	Neutral
1143.	Neutral
1144.	Neutral
1145.	Neutral
1146.	Angry
1147.	Angry
1148.	Angry
1149.	Angry
1150.	Angry
1151.	Angry
1152.	Angry
1153.	Angry
1154.	Neutral
1155.	Happy
1156.	Happy
1157.	Angry
1158.	Angry
1159.	Angry
1160.	Angry
1161.	Angry
1162.	Angry
1163.	Angry
1164.	Angry
1165.	Angry
1166.	Angry
1167.	Angry
1168.	Angry
1169.	Angry
1170.	Happy
1171.	Angry
1172.	Angry
1173.	Angry
1174.	Angry
1175.	Angry
1176.	Angry
1177.	Angry
1178.	Neutral
1179.	Neutral
1180.	Angry
1181.	Angry
1182.	Angry
1183.	Angry
1184.	Angry
1185.	Angry
1186.	Angry
1187.	Angry
1188.	Neutral
1189.	Happy
1190.	Happy
1191.	Angry
1192.	Angry
1193.	Angry
1194.	Angry
1195.	Angry
1196.	Angry
1197.	Angry
1198.	Angry
1199.	Angry
1200.	Angry
1201.	Angry
1202.	Angry
1203.	Angry
1204.	Happy
1205.	Angry
1206.	Angry
1207.	Angry
1208.	Angry
1209.	Angry
1210.	Angry
1211.	Angry
1212.	Neutral
1213.	Neutral
1214.	Angry
1215.	Neutral
1216.	Neutral
1217.	Neutral
1218.	Neutral
1219.	Neutral
1220.	Neutral
1221.	Neutral
1222.	Neutral
1223.	Neutral
1224.	Neutral
1225.	Neutral
1226.	Neutral
1227.	Neutral
1228.	Neutral
1229.	Neutral
1230.	Neutral
1231.	Neutral
1232.	Neutral
1233.	Neutral
1234.	Neutral
1235.	Neutral
1236.	Neutral
1237.	Neutral
1238.	Neutral
1239.	Neutral
1240.	Neutral
1241.	Neutral
1242.	Neutral
1243.	Neutral
1244.	Neutral
1245.	Neutral
1246.	Neutral
1247.	Neutral
1248.	Neutral
1249.	Neutral
1250.	Neutral
1251.	Neutral
1252.	Neutral
1253.	Neutral
1254.	Neutral
1255.	Neutral
1256.	Neutral
1257.	Neutral
1258.	Neutral
1259.	Neutral
1260.	Neutral
1261.	Neutral
1262.	Neutral
1263.	Neutral
1264.	Neutral
1265.	Neutral
1266.	Neutral
1267.	Neutral
1268.	Neutral
1269.	Neutral
1270.	Neutral
1271.	Neutral
1272.	Neutral
1273.	Neutral
1274.	Neutral
1275.	Neutral
1276.	Neutral
1277.	Neutral
1278.	Neutral
1279.	Neutral
1280.	Neutral
1281.	Neutral
1282.	Neutral
1283.	Neutral
1284.	Neutral
1285.	Neutral
1286.	Neutral
1287.	Neutral
1288.	Neutral
1289.	Angry
1290.	Neutral
1291.	Neutral
1292.	Neutral
1293.	Neutral
1294.	Neutral
1295.	Neutral
1296.	Neutral
1297.	Neutral
1298.	Neutral
1299.	Neutral
1300.	Neutral
1301.	Neutral
1302.	Neutral
1303.	Neutral
1304.	Neutral
1305.	Neutral
1306.	Neutral
1307.	Neutral
1308.	Neutral
1309.	Neutral
1310.	Neutral
1311.	Neutral
1312.	Neutral
1313.	Neutral
1314.	Neutral
1315.	Neutral
1316.	Neutral
1317.	Neutral
1318.	Neutral
1319.	Neutral
1320.	Neutral
1321.	Neutral
1322.	Neutral
1323.	Neutral
1324.	Neutral
1325.	Neutral
1326.	Neutral
1327.	Neutral
1328.	Neutral
1329.	Neutral
1330.	Neutral
1331.	Neutral
1332.	Neutral
1333.	Neutral
1334.	Neutral
1335.	Neutral
1336.	Neutral
1337.	Neutral
1338.	Neutral
1339.	Neutral
1340.	Neutral
1341.	Neutral
1342.	Neutral
1343.	Neutral
1344.	Neutral
1345.	Neutral
1346.	Neutral
1347.	Neutral
1348.	Neutral
1349.	Neutral
1350.	Neutral
1351.	Neutral
1352.	Neutral
1353.	Neutral
1354.	Neutral
1355.	Neutral
1356.	Neutral
1357.	Neutral
1358.	Neutral
1359.	Neutral
1360.	Neutral
1361.	Neutral
1362.	Neutral
1363.	Neutral
1364.	Angry
1365.	Angry
1366.	Angry
1367.	Neutral
1368.	Neutral
1369.	Happy
1370.	Angry
1371.	Angry
1372.	Angry
1373.	Angry
1374.	Angry
1375.	Angry
1376.	Angry
1377.	Angry
1378.	Angry
1379.	Angry
1380.	Angry
1381.	Angry
1382.	Angry
1383.	Angry
1384.	Angry
1385.	Angry
1386.	Angry
1387.	Angry
1388.	Angry
1389.	Angry
1390.	Angry
1391.	Angry
1392.	Angry
1393.	Angry
1394.	Angry
1395.	Angry
1396.	Angry
1397.	Angry
1398.	Angry
1399.	Angry
1400.	Angry
1401.	Angry
1402.	Angry
1403.	Angry
1404.	Angry
1405.	Angry
1406.	Angry
1407.	Angry
1408.	Angry
1409.	Angry
1410.	Angry
1411.	Angry
1412.	Angry
1413.	Angry
1414.	Angry
1415.	Angry
1416.	Angry
1417.	Angry
1418.	Angry
1419.	Angry
1420.	Angry
1421.	Angry
1422.	Angry
1423.	Angry
1424.	Angry
1425.	Angry
1426.	Angry
1427.	Angry
1428.	Angry
1429.	Angry
1430.	Angry
1431.	Angry
1432.	Angry
1433.	Angry
1434.	Angry
1435.	Angry
1436.	Angry
1437.	Angry
1438.	Angry
1439.	Angry
1440.	Angry
1441.	Angry
1442.	Angry
1443.	Angry
1444.	Angry
1445.	Angry
1446.	Angry
1447.	Angry
1448.	Neutral
1449.	Angry
1450.	Angry
1451.	Angry
1452.	Neutral
1453.	Neutral
1454.	Happy
1455.	Angry
1456.	Angry
1457.	Angry
1458.	Angry
1459.	Angry
1460.	Angry
1461.	Angry
1462.	Angry
1463.	Angry
1464.	Angry
1465.	Angry
1466.	Angry
1467.	Angry
1468.	Angry
1469.	Angry
1470.	Angry
1471.	Angry
1472.	Angry
1473.	Angry
1474.	Angry
1475.	Angry
1476.	Angry
1477.	Angry
1478.	Angry
1479.	Angry
1480.	Angry
1481.	Angry
1482.	Angry
1483.	Angry
1484.	Angry
1485.	Angry
1486.	Angry
1487.	Angry
1488.	Angry
1489.	Angry
1490.	Angry
1491.	Angry
1492.	Angry
1493.	Angry
1494.	Angry
1495.	Angry
1496.	Angry
1497.	Angry
1498.	Angry
1499.	Angry
1500.	Angry
1501.	Angry
1502.	Angry
1503.	Angry
1504.	Angry
1505.	Angry
1506.	Angry
1507.	Angry
1508.	Angry
1509.	Angry
1510.	Angry
1511.	Angry
1512.	Angry
1513.	Angry
1514.	Angry
1515.	Angry
1516.	Angry
1517.	Angry
1518.	Angry
1519.	Angry
1520.	Angry
1521.	Angry
1522.	Angry
1523.	Angry
1524.	Angry
1525.	Angry
1526.	Angry
1527.	Angry
1528.	Angry
1529.	Angry
1530.	Angry
1531.	Angry
1532.	Neutral
1533.	Neutral
1534.	Angry
1535.	Angry
1536.	Angry
1537.	Angry
1538.	Angry
1539.	Angry
1540.	Angry
1541.	Angry
1542.	Angry
1543.	Angry
1544.	Angry
1545.	Angry
1546.	Angry
1547.	Angry
1548.	Angry
1549.	Angry
1550.	Angry
1551.	Angry
1552.	Angry
1553.	Angry
1554.	Angry
1555.	Angry
1556.	Angry
1557.	Angry
1558.	Angry
1559.	Angry
1560.	Angry
1561.	Angry
1562.	Angry
1563.	Angry
1564.	Angry
1565.	Angry
1566.	Angry
1567.	Angry
1568.	Angry
1569.	Angry
1570.	Angry
1571.	Angry
1572.	Angry
1573.	Angry
1574.	Angry
1575.	Angry
1576.	Angry
1577.	Angry
1578.	Angry
1579.	Angry
1580.	Angry
1581.	Angry
1582.	Angry
1583.	Angry
1584.	Angry
1585.	Angry
1586.	Angry
1587.	Angry
1588.	Angry
1589.	Angry
1590.	Angry
1591.	Angry
1592.	Angry
1593.	Angry
1594.	Angry
1595.	Angry
1596.	Angry
1597.	Angry
1598.	Angry
1599.	Angry
1600.	Angry
1601.	Angry
1602.	Angry
1603.	Angry
1604.	Angry
1605.	Angry
1606.	Angry
1607.	Angry
1608.	Angry
1609.	Angry
1610.	Angry
1611.	Angry
1612.	Angry
1613.	Angry
1614.	Angry
1615.	Angry
1616.	Angry
1617.	Angry
1618.	Angry
1619.	Angry
1620.	Angry
1621.	Angry
1622.	Angry
1623.	Angry
1624.	Angry
1625.	Angry
1626.	Angry
1627.	Angry
1628.	Angry
1629.	Angry
1630.	Angry
1631.	Angry
1632.	Angry
1633.	Angry
1634.	Angry
1635.	Angry
1636.	Angry
1637.	Angry
1638.	Angry
1639.	Angry
1640.	Angry
1641.	Angry
1642.	Angry
1643.	Angry
1644.	Angry
1645.	Angry
1646.	Angry
1647.	Angry
1648.	Angry
1649.	Angry
1650.	Angry
1651.	Angry
1652.	Angry
1653.	Angry
1654.	Angry
1655.	Angry
1656.	Angry
1657.	Angry
1658.	Angry
1659.	Angry
1660.	Angry
1661.	Angry
1662.	Angry
1663.	Angry
1664.	Angry
1665.	Angry
1666.	Angry
1667.	Angry
1668.	Angry
1669.	Angry
1670.	Angry
1671.	Angry
1672.	Angry
1673.	Angry
1674.	Angry
1675.	Angry
1676.	Angry
1677.	Angry
1678.	Angry
1679.	Angry
1680.	Angry
1681.	Angry
1682.	Angry
1683.	Angry
1684.	Angry
1685.	Angry
1686.	Angry
1687.	Angry
1688.	Angry
1689.	Angry
1690.	Angry
1691.	Angry
1692.	Angry
1693.	Angry
1694.	Angry
1695.	Angry
1696.	Angry
1697.	Angry
1698.	Angry
1699.	Angry
1700.	Angry
1701.	Angry
1702.	Angry
1703.	Angry
1704.	Angry
1705.	Angry
1706.	Angry
1707.	Angry
1708.	Angry
1709.	Angry
1710.	Angry
1711.	Neutral
1712.	Angry
1713.	Angry
1714.	Angry
1715.	Angry
1716.	Angry
1717.	Angry
1718.	Angry
1719.	Angry
1720.	Angry
1721.	Angry
1722.	Angry
1723.	Angry
1724.	Angry
1725.	Angry
1726.	Angry
1727.	Angry
1728.	Angry
1729.	Angry
1730.	Neutral
1731.	Neutral
1732.	Neutral
1733.	Neutral
1734.	Neutral
1735.	Neutral
1736.	Neutral
1737.	Neutral
1738.	Neutral
1739.	Neutral
1740.	Neutral
1741.	Neutral
1742.	Neutral
1743.	Neutral
1744.	Neutral
1745.	Neutral
1746.	Neutral
1747.	Neutral
1748.	Neutral
1749.	Neutral
1750.	Neutral
1751.	Neutral
1752.	Neutral
1753.	Neutral
1754.	Neutral
1755.	Neutral
1756.	Neutral
1757.	Neutral
1758.	Neutral
1759.	Neutral
1760.	Neutral
1761.	Neutral
1762.	Neutral
1763.	Neutral
1764.	Neutral
1765.	Neutral
1766.	Neutral
1767.	Neutral
1768.	Neutral
1769.	Neutral
1770.	Neutral
1771.	Neutral
1772.	Neutral
1773.	Neutral
1774.	Happy
1775.	Neutral
1776.	Neutral
1777.	Neutral
1778.	Neutral
1779.	Neutral
1780.	Neutral
1781.	Neutral
1782.	Neutral
1783.	Happy
1784.	Neutral
1785.	Happy
1786.	Happy
1787.	Happy
1788.	Neutral
1789.	Neutral
1790.	Neutral
1791.	Neutral
1792.	Neutral
1793.	Neutral
1794.	Happy
1795.	Neutral
1796.	Neutral
1797.	Happy
1798.	Happy
1799.	Neutral
1800.	Happy
1801.	Neutral
1802.	Happy
1803.	Happy
1804.	Happy
1805.	Neutral
1806.	Neutral
1807.	Neutral
1808.	Neutral
1809.	Neutral
1810.	Neutral
1811.	Neutral
1812.	Neutral
1813.	Neutral
1814.	Neutral
1815.	Neutral
1816.	Neutral
1817.	Neutral
1818.	Neutral
1819.	Neutral
1820.	Neutral
1821.	Neutral
1822.	Neutral
1823.	Neutral
1824.	Neutral
1825.	Neutral
1826.	Neutral
1827.	Neutral
1828.	Neutral
1829.	Happy
1830.	Neutral
1831.	Neutral
1832.	Neutral
1833.	Neutral
1834.	Neutral
Done
