log: enter loader_st_gcn.py
log: enter load_data()
log file_feature /home/wsx/step/generator_cvae/../data/features.h5
log file_lable /home/wsx/step/generator_cvae/../data/labels.h5
log st_gcn load_data data.shape (342, 75, 48)
log: enter get_affective_features(gaits)
log: gaits.shape (342, 75, 16, 3)
log: attective_features unreshape:  (342, 75, 175)
log: get_affective_features data shape (342, 75, 48)
log: get_affective_features data content
 [[[ 0.00000000e+00 -1.73472348e-18  6.93889390e-18 ...  7.81257100e-02
   -6.67029000e-01  2.10213300e-02]
  [ 0.00000000e+00 -1.73472348e-18  6.93889390e-18 ...  7.52761700e-02
   -6.59865900e-01  6.16336900e-02]
  [ 0.00000000e+00 -1.73472348e-18  6.93889390e-18 ...  7.19451000e-02
   -6.59158900e-01  8.57510300e-02]
  ...
  [ 0.00000000e+00 -1.73472348e-18  6.93889390e-18 ...  4.98188400e-02
   -5.56889600e-01  3.77408700e-01]
  [ 0.00000000e+00 -1.73472348e-18  6.93889390e-18 ...  5.08315400e-02
   -5.57687000e-01  3.43767700e-01]
  [ 0.00000000e+00 -1.73472348e-18  6.93889390e-18 ...  5.26231900e-02
   -5.82222800e-01  2.80547500e-01]]

 [[ 6.69026944e-04 -6.19877379e-04  9.99853725e-03 ...  5.56843712e-02
   -6.55009430e-01  2.90362983e-02]
  [ 6.69026944e-04 -6.19877379e-04  9.99853725e-03 ...  5.54323070e-02
   -6.38490482e-01  5.54247991e-02]
  [ 6.69026944e-04 -6.19877379e-04  9.99853725e-03 ...  5.36164024e-02
   -6.34299020e-01  7.92189472e-02]
  ...
  [ 6.69026944e-04 -6.19877379e-04  9.99853725e-03 ...  6.63945904e-02
   -6.45706800e-01  2.37129590e-01]
  [ 6.69026944e-04 -6.19877379e-04  9.99853725e-03 ...  7.07586420e-02
   -6.32772050e-01  2.54778515e-01]
  [ 6.69026944e-04 -6.19877379e-04  9.99853725e-03 ...  7.34251320e-02
   -6.35772906e-01  2.79505529e-01]]

 [[-4.40858023e-04  2.90714760e-04  2.69912448e-03 ...  7.17000113e-02
   -6.63915254e-01  2.11458150e-02]
  [-4.40858023e-04  2.90714760e-04  2.69912448e-03 ...  6.77987849e-02
   -6.58863598e-01  4.42495951e-02]
  [-4.40858023e-04  2.90714760e-04  2.69912448e-03 ...  6.72211679e-02
   -6.60225159e-01  6.09550586e-02]
  ...
  [-4.40858023e-04  2.90714760e-04  2.69912448e-03 ...  7.50057732e-02
   -5.58313963e-01  3.32419970e-01]
  [-4.40858023e-04  2.90714760e-04  2.69912448e-03 ...  7.15503280e-02
   -5.75755153e-01  3.08308623e-01]
  [-4.40858023e-04  2.90714760e-04  2.69912448e-03 ...  6.60127935e-02
   -5.93483714e-01  2.66826264e-01]]

 ...

 [[-4.06849875e-03  9.86184762e-02  2.01519942e-02 ...  6.65138940e-02
   -5.98355781e-01 -7.04581893e-02]
  [-4.06849875e-03  9.86184762e-02  2.01519942e-02 ...  6.39435339e-02
   -5.99147549e-01 -6.05726282e-02]
  [-4.06849875e-03  9.86184762e-02  2.01519942e-02 ...  6.20947509e-02
   -5.99590483e-01 -4.85415736e-02]
  ...
  [-4.06849875e-03  9.86184762e-02  2.01519942e-02 ...  1.52091691e-02
   -5.37609744e-01  2.29358324e-01]
  [-4.06849875e-03  9.86184762e-02  2.01519942e-02 ...  1.60100876e-02
   -5.30202487e-01  2.45510149e-01]
  [-4.06849875e-03  9.86184762e-02  2.01519942e-02 ...  1.75068415e-02
   -5.22422788e-01  2.61727412e-01]]

 [[-3.27832116e-03  9.75083937e-02 -1.40627048e-02 ...  9.08194969e-02
   -6.04641825e-01 -9.57837403e-02]
  [-3.27832116e-03  9.75083937e-02 -1.40627048e-02 ...  8.60795407e-02
   -6.05456323e-01 -8.46263982e-02]
  [-3.27832116e-03  9.75083937e-02 -1.40627048e-02 ...  8.23775313e-02
   -6.06135903e-01 -7.17280877e-02]
  ...
  [-3.27832116e-03  9.75083937e-02 -1.40627048e-02 ...  1.09398900e-02
   -5.67386229e-01  1.42694166e-01]
  [-3.27832116e-03  9.75083937e-02 -1.40627048e-02 ...  9.26325179e-03
   -5.62823355e-01  1.53237822e-01]
  [-3.27832116e-03  9.75083937e-02 -1.40627048e-02 ...  7.76905926e-03
   -5.57461088e-01  1.64505141e-01]]

 [[-1.09262697e-03  1.04968257e-01  1.40960264e-02 ...  7.31447067e-02
   -6.04231145e-01 -6.33406688e-02]
  [-1.09262697e-03  1.04968257e-01  1.40960264e-02 ...  6.91645470e-02
   -6.04927991e-01 -5.51940858e-02]
  [-1.09262697e-03  1.04968257e-01  1.40960264e-02 ...  6.60076857e-02
   -6.05093203e-01 -4.64022648e-02]
  ...
  [-1.09262697e-03  1.04968257e-01  1.40960264e-02 ...  8.59483413e-03
   -5.67152196e-01  1.65236346e-01]
  [-1.09262697e-03  1.04968257e-01  1.40960264e-02 ...  8.51803561e-03
   -5.62942826e-01  1.76243737e-01]
  [-1.09262697e-03  1.04968257e-01  1.40960264e-02 ...  8.84672000e-03
   -5.58183905e-01  1.88147518e-01]]]
 log: TrainTestLoader joints:
 16
 log: TrainTestLoader coords: 3
 log: TrainTestLoader joints:
 16
 log: TrainTestLoader coords: 3
log train() enter
[04.18.21|22:18:51] Training epoch: 0
[04.18.21|22:19:11] 	Iter 0 Done. | loss: 12729.4463 | lr: 0.100000
